<?xml version="1.0" encoding="UTF-8" standalone="no"?>
<testsuite errors="0" failures="1" name="io.cucumber.core.plugin.JUnitFormatter" skipped="0" tests="1" time="36.835">
<testcase classname="Auto Quote validation" name="Quote for a new Car Insurance" time="36.608">
<failure message="Expected condition failed: waiting for visibility of [[ChromeDriver: chrome on WINDOWS (065e1696f90900966c21f61aff724e44)] -&gt; xpath: //ul[@role='menubar']/descendant::span[contains(.,'Auto')]] (tried for 30 second(s) with 500 milliseconds interval)&#10;Build info: version: '4.1.1', revision: 'e8fcc2cecf'&#10;System info: host: 'NAS', ip: '192.168.1.168', os.name: 'Windows 10', os.arch: 'amd64', os.version: '10.0', java.version: '1.8.0_301'&#10;Driver info: org.openqa.selenium.chrome.ChromeDriver&#10;Capabilities {acceptInsecureCerts: false, browserName: chrome, browserVersion: 99.0.4844.51, chrome: {chromedriverVersion: 99.0.4844.51 (d537ec02474b5..., userDataDir: C:\WINDOWS\TEMP\scoped_dir4...}, goog:chromeOptions: {debuggerAddress: localhost:53104}, javascriptEnabled: true, networkConnectionEnabled: false, pageLoadStrategy: normal, platform: WINDOWS, platformName: WINDOWS, proxy: Proxy(), se:cdp: ws://localhost:53104/devtoo..., se:cdpVersion: 99.0.4844.51, setWindowRect: true, strictFileInteractability: false, timeouts: {implicit: 0, pageLoad: 300000, script: 30000}, unhandledPromptBehavior: dismiss and notify, webauthn:extension:credBlob: true, webauthn:extension:largeBlob: true, webauthn:virtualAuthenticators: true}&#10;Session ID: 065e1696f90900966c21f61aff724e44" type="org.openqa.selenium.TimeoutException"><![CDATA[Given the title of the page 'Business, Home & Car Insurance Quotes | The Hartford Insurance' has 'auto'.passed
When user move cursor onto Auto tab.........................................failed
Then title 'AUTO INSURANCE SOLUTIONS' menu opened...........................skipped

StackTrace:
org.openqa.selenium.TimeoutException: Expected condition failed: waiting for visibility of [[ChromeDriver: chrome on WINDOWS (065e1696f90900966c21f61aff724e44)] -> xpath: //ul[@role='menubar']/descendant::span[contains(.,'Auto')]] (tried for 30 second(s) with 500 milliseconds interval)
Build info: version: '4.1.1', revision: 'e8fcc2cecf'
System info: host: 'NAS', ip: '192.168.1.168', os.name: 'Windows 10', os.arch: 'amd64', os.version: '10.0', java.version: '1.8.0_301'
Driver info: org.openqa.selenium.chrome.ChromeDriver
Capabilities {acceptInsecureCerts: false, browserName: chrome, browserVersion: 99.0.4844.51, chrome: {chromedriverVersion: 99.0.4844.51 (d537ec02474b5..., userDataDir: C:\WINDOWS\TEMP\scoped_dir4...}, goog:chromeOptions: {debuggerAddress: localhost:53104}, javascriptEnabled: true, networkConnectionEnabled: false, pageLoadStrategy: normal, platform: WINDOWS, platformName: WINDOWS, proxy: Proxy(), se:cdp: ws://localhost:53104/devtoo..., se:cdpVersion: 99.0.4844.51, setWindowRect: true, strictFileInteractability: false, timeouts: {implicit: 0, pageLoad: 300000, script: 30000}, unhandledPromptBehavior: dismiss and notify, webauthn:extension:credBlob: true, webauthn:extension:largeBlob: true, webauthn:virtualAuthenticators: true}
Session ID: 065e1696f90900966c21f61aff724e44
	at org.openqa.selenium.support.ui.WebDriverWait.timeoutException(WebDriverWait.java:138)
	at org.openqa.selenium.support.ui.FluentWait.until(FluentWait.java:231)
	at com.thehartford.qa.bdd.commons.CommonMethods.actionHoverOver(CommonMethods.java:18)
	at com.thehartford.qa.bdd.autoSteps.AutoSteps.user_move_cursor_onto_auto_tab(AutoSteps.java:12)
	at âœ½.user move cursor onto Auto tab(file:///C:/Users/mdnas/eclipse-workspace/com.thehartford.qa.bdd/features/autoQuote.feature:9)
]]></failure>
</testcase>
</testsuite>
